2018-05-24 20:50:26,039 INFO (StartupInfoLogger.java:48)- Starting WxApplication on header with PID 5796 (F:\work_spring\wx\wx-admin\target\classes started by Administrator in F:\work_spring\wx\wx-admin)
2018-05-24 20:50:26,054 DEBUG (StartupInfoLogger.java:51)- Running with Spring Boot v1.5.8.RELEASE, Spring v4.3.12.RELEASE
2018-05-24 20:50:26,055 INFO (SpringApplication.java:597)- The following profiles are active: dev
2018-05-24 20:50:37,992 INFO (LogThread.java:45)- start the InterceptorLog  thread
2018-05-24 20:50:41,953 INFO (StartupInfoLogger.java:57)- Started WxApplication in 16.43 seconds (JVM running for 18.899)
2018-05-24 20:50:42,748 DEBUG (LoginController.java:54)- login, active session size: 0
2018-05-24 20:50:42,996 DEBUG (CacheSessionDAO.java:107)- doCreate org.apache.shiro.session.mgt.SimpleSession,id=65b7f6a1810f4d4ab7a7b6af7f82b069 /WEB-INF/views/modules/sys/sysLogin.jsp
2018-05-24 20:50:43,133 DEBUG (CacheSessionDAO.java:134)- readSession 65b7f6a1810f4d4ab7a7b6af7f82b069 /WEB-INF/views/modules/sys/sysLogin.jsp
2018-05-24 20:50:43,173 DEBUG (BaseJdbcLogger.java:159)- ==>  Preparing: SELECT * FROM sys_dict WHERE del_flag = ? ORDER BY type, sort, update_date DESC 
2018-05-24 20:50:43,194 DEBUG (BaseJdbcLogger.java:159)- ==> Parameters: 0(String)
2018-05-24 20:50:43,337 DEBUG (BaseJdbcLogger.java:159)- <==      Total: 64
2018-05-24 20:51:41,760 DEBUG (CacheSessionDAO.java:134)- readSession 65b7f6a1810f4d4ab7a7b6af7f82b069 /admin/login
2018-05-24 20:51:41,762 DEBUG (CacheSessionDAO.java:83)- update 65b7f6a1810f4d4ab7a7b6af7f82b069 /admin/login
2018-05-24 20:51:41,797 DEBUG (SystemAuthorizingRealm.java:64)- login submit, active session size: 1, username: admin
2018-05-24 20:51:41,800 DEBUG (BaseJdbcLogger.java:159)- ==>  Preparing: SELECT a.id, a.company_id AS "company.id", a.office_id AS "office.id", a.login_name, a.password, a.no, a.name, a.email, a.phone, a.mobile, a.user_type, a.login_ip, a.login_date, a.remarks, a.login_flag, a.photo, a.create_by AS "createBy.id", a.create_date, a.update_by AS "updateBy.id", a.update_date, a.del_flag, c.name AS "company.name", c.parent_id AS "company.parent.id", c.parent_ids AS "company.parentIds", ca.id AS "company.area.id", ca.name AS "company.area.name", ca.parent_id AS "company.area.parent.id", ca.parent_ids AS "company.area.parentIds", o.name AS "office.name", o.parent_id AS "office.parent.id", o.parent_ids AS "office.parentIds", oa.id AS "office.area.id", oa.name AS "office.area.name", oa.parent_id AS "office.area.parent.id", oa.parent_ids AS "office.area.parentIds", cu.id AS "company.primaryPerson.id", cu.name AS "company.primaryPerson.name", cu2.id AS "company.deputyPerson.id", cu2.name AS "company.deputyPerson.name", ou.id AS "office.primaryPerson.id", ou.name AS "office.primaryPerson.name", ou2.id AS "office.deputyPerson.id", ou2.name AS "office.deputyPerson.name" FROM sys_user a LEFT JOIN sys_office c ON c.id = a.company_id LEFT JOIN sys_area ca ON ca.id = c.area_id LEFT JOIN sys_office o ON o.id = a.office_id LEFT JOIN sys_area oa ON oa.id = o.area_id LEFT JOIN sys_user cu ON cu.id = c.primary_person LEFT JOIN sys_user cu2 ON cu2.id = c.deputy_person LEFT JOIN sys_user ou ON ou.id = o.primary_person LEFT JOIN sys_user ou2 ON ou2.id = o.deputy_person WHERE a.login_name = ? AND a.del_flag = ? 
2018-05-24 20:51:41,800 DEBUG (BaseJdbcLogger.java:159)- ==> Parameters: admin(String), 0(String)
2018-05-24 20:51:42,036 DEBUG (BaseJdbcLogger.java:159)- <==      Total: 1
2018-05-24 20:51:42,096 DEBUG (BaseJdbcLogger.java:159)- ==>  Preparing: SELECT a.id, a.office_id AS "office.id", a.name, a.enname, a.role_type AS roleType, a.data_scope AS dataScope, a.remarks, a.create_by AS "createBy.id", a.create_date, a.update_by AS "updateBy.id", a.update_date, a.del_flag, o.name AS "office.name", o.code, a.useable AS useable, a.is_sys AS sysData , ro.office_id AS "officeList.id" FROM sys_role a LEFT JOIN sys_office o ON o.id = a.office_id LEFT JOIN sys_user_role ur ON ur.role_id = a.id LEFT JOIN sys_user u ON u.id = ur.user_id LEFT JOIN sys_role_office ro ON ro.role_id = a.id WHERE a.del_flag = ? AND a.useable=? AND u.id = ? AND u.login_name = ? ORDER BY o.code, a.name 
2018-05-24 20:51:42,097 DEBUG (BaseJdbcLogger.java:159)- ==> Parameters: 0(String), 1(String), s1(String), admin(String)
2018-05-24 20:51:42,155 DEBUG (BaseJdbcLogger.java:159)- <==      Total: 2
2018-05-24 20:51:42,177 DEBUG (CacheSessionDAO.java:83)- update 65b7f6a1810f4d4ab7a7b6af7f82b069 /admin/login
2018-05-24 20:51:42,178 DEBUG (CacheSessionDAO.java:83)- update 65b7f6a1810f4d4ab7a7b6af7f82b069 /admin/login
2018-05-24 20:51:42,183 DEBUG (CacheSessionDAO.java:134)- readSession 65b7f6a1810f4d4ab7a7b6af7f82b069 /admin
2018-05-24 20:51:42,184 DEBUG (CacheSessionDAO.java:83)- update 65b7f6a1810f4d4ab7a7b6af7f82b069 /admin
2018-05-24 20:51:42,194 DEBUG (BaseJdbcLogger.java:159)- ==>  Preparing: SELECT a.id, a.parent_id AS "parent.id", a.parent_ids, a.name, a.href, a.target, a.icon, a.sort, a.is_show, a.permission, a.remarks, a.create_by AS "createBy.id", a.create_date, a.update_by AS "updateBy.id", a.update_date, a.del_flag, p.name AS "parent.name" FROM sys_menu a LEFT JOIN sys_menu p ON p.id = a.parent_id WHERE a.del_flag = ? ORDER BY a.sort 
2018-05-24 20:51:42,195 DEBUG (BaseJdbcLogger.java:159)- ==> Parameters: 0(String)
2018-05-24 20:51:42,226 DEBUG (BaseJdbcLogger.java:159)- <==      Total: 37
2018-05-24 20:51:42,227 DEBUG (CacheSessionDAO.java:83)- update 65b7f6a1810f4d4ab7a7b6af7f82b069 /admin
2018-05-24 20:51:42,230 DEBUG (BaseJdbcLogger.java:159)- ==>  Preparing: UPDATE sys_user SET login_ip = ?, login_Date = ? WHERE id = ? 
2018-05-24 20:51:42,231 DEBUG (BaseJdbcLogger.java:159)- ==> Parameters: 0:0:0:0:0:0:0:1(String), 2018-05-24 20:51:42.229(Timestamp), s1(String)
2018-05-24 20:51:42,232 DEBUG (BaseJdbcLogger.java:159)- <==    Updates: 1
2018-05-24 20:51:42,292 DEBUG (BaseJdbcLogger.java:159)- ==>  Preparing: INSERT INTO sys_log( id, type, title, create_by, create_date, remote_addr, user_agent, request_uri, method, params, exception ) VALUES ( ?, ?, ?, ?, ?, ?, ?, ?, ?, ?, ? ) 
2018-05-24 20:51:42,292 DEBUG (LoginController.java:139)- show index, active session size: 1
2018-05-24 20:51:42,295 DEBUG (BaseJdbcLogger.java:159)- ==> Parameters: 480a8754-9e8e-4e58-aaee-3085196d1a4d(String), 1(String), 系统登录(String), s1(String), 2018-05-24 20:51:42.29(Timestamp), 0:0:0:0:0:0:0:1(String), Mozilla/5.0 (Windows NT 10.0; Win64; x64) AppleWebKit/537.36 (KHTML, like Gecko) Chrome/64.0.3282.186 Safari/537.36(String), /admin(String), GET(String), login=(String), (String)
2018-05-24 20:51:42,374 DEBUG (BaseJdbcLogger.java:159)- <==    Updates: 1
2018-05-24 20:51:42,504 DEBUG (BaseJdbcLogger.java:159)- ==>  Preparing: SELECT a.id, a.parent_id AS "parent.id", a.parent_ids, a.name, a.href, a.target, a.icon, a.sort, a.is_show, a.permission, a.remarks, a.create_by AS "createBy.id", a.create_date, a.update_by AS "updateBy.id", a.update_date, a.del_flag, p.name AS "parent.name" FROM sys_menu a LEFT JOIN sys_menu p ON p.id = a.parent_id WHERE a.del_flag = ? ORDER BY a.sort 
2018-05-24 20:51:42,505 DEBUG (BaseJdbcLogger.java:159)- ==> Parameters: 0(String)
2018-05-24 20:51:42,513 DEBUG (BaseJdbcLogger.java:159)- <==      Total: 37
2018-05-24 20:51:42,590 DEBUG (CacheSessionDAO.java:134)- readSession 65b7f6a1810f4d4ab7a7b6af7f82b069 /static/bootstrap/2.3.1/font/fontawesome-webfont.woff
2018-05-24 20:51:42,591 DEBUG (CacheSessionDAO.java:83)- update 65b7f6a1810f4d4ab7a7b6af7f82b069 /static/bootstrap/2.3.1/font/fontawesome-webfont.woff
2018-05-24 20:51:42,653 DEBUG (CacheSessionDAO.java:134)- readSession 65b7f6a1810f4d4ab7a7b6af7f82b069 /admin/sys/menu/tree
2018-05-24 20:51:42,654 DEBUG (CacheSessionDAO.java:83)- update 65b7f6a1810f4d4ab7a7b6af7f82b069 /admin/sys/menu/tree
2018-05-24 20:51:42,964 DEBUG (CacheSessionDAO.java:134)- readSession 65b7f6a1810f4d4ab7a7b6af7f82b069 /admin/sys/user/info
2018-05-24 20:51:42,965 DEBUG (CacheSessionDAO.java:83)- update 65b7f6a1810f4d4ab7a7b6af7f82b069 /admin/sys/user/info
2018-05-24 20:51:43,282 DEBUG (BaseJdbcLogger.java:159)- ==>  Preparing: INSERT INTO sys_log( id, type, title, create_by, create_date, remote_addr, user_agent, request_uri, method, params, exception ) VALUES ( ?, ?, ?, ?, ?, ?, ?, ?, ?, ?, ? ) 
2018-05-24 20:51:43,283 DEBUG (BaseJdbcLogger.java:159)- ==> Parameters: 80f6fda9-26a6-4542-96b6-6a116f2fb38e(String), 1(String), 我的面板-个人信息-个人信息(String), s1(String), 2018-05-24 20:51:43.281(Timestamp), 0:0:0:0:0:0:0:1(String), Mozilla/5.0 (Windows NT 10.0; Win64; x64) AppleWebKit/537.36 (KHTML, like Gecko) Chrome/64.0.3282.186 Safari/537.36(String), /admin/sys/user/info(String), GET(String), (String), (String)
2018-05-24 20:51:43,309 DEBUG (CacheSessionDAO.java:134)- readSession 65b7f6a1810f4d4ab7a7b6af7f82b069 /userfiles/s1/images/photo/2017/11/2009060401313999022.gif
2018-05-24 20:51:43,310 DEBUG (CacheSessionDAO.java:83)- update 65b7f6a1810f4d4ab7a7b6af7f82b069 /userfiles/s1/images/photo/2017/11/2009060401313999022.gif
2018-05-24 20:51:43,317 DEBUG (BaseJdbcLogger.java:159)- <==    Updates: 1
2018-05-24 20:51:44,062 DEBUG (CacheSessionDAO.java:134)- readSession 65b7f6a1810f4d4ab7a7b6af7f82b069 /admin/sys/menu/tree
2018-05-24 20:51:44,063 DEBUG (CacheSessionDAO.java:83)- update 65b7f6a1810f4d4ab7a7b6af7f82b069 /admin/sys/menu/tree
2018-05-24 20:51:44,093 DEBUG (CacheSessionDAO.java:134)- readSession 65b7f6a1810f4d4ab7a7b6af7f82b069 /admin/sys/area/
2018-05-24 20:51:44,093 DEBUG (CacheSessionDAO.java:83)- update 65b7f6a1810f4d4ab7a7b6af7f82b069 /admin/sys/area/
2018-05-24 20:51:44,140 DEBUG (BaseJdbcLogger.java:159)- ==>  Preparing: SELECT a.id, a.parent_id AS "parent.id", a.parent_ids, a.code, a.name, a.sort, a.type, a.remarks, a.create_by AS "createBy.id", a.create_date, a.update_by AS "updateBy.id", a.update_date, a.del_flag, p.name AS "parent.name" FROM sys_area a LEFT JOIN sys_office p ON p.id = a.parent_id WHERE a.del_flag = ? ORDER BY a.code 
2018-05-24 20:51:44,141 DEBUG (BaseJdbcLogger.java:159)- ==> Parameters: 0(String)
2018-05-24 20:51:44,180 DEBUG (BaseJdbcLogger.java:159)- <==      Total: 205
2018-05-24 20:51:44,180 DEBUG (CacheSessionDAO.java:83)- update 65b7f6a1810f4d4ab7a7b6af7f82b069 /admin/sys/area/
2018-05-24 20:51:44,417 DEBUG (BaseJdbcLogger.java:159)- ==>  Preparing: INSERT INTO sys_log( id, type, title, create_by, create_date, remote_addr, user_agent, request_uri, method, params, exception ) VALUES ( ?, ?, ?, ?, ?, ?, ?, ?, ?, ?, ? ) 
2018-05-24 20:51:44,419 DEBUG (BaseJdbcLogger.java:159)- ==> Parameters: c284a4fc-3905-486f-856f-6c656691bb2b(String), 1(String), 系统设置-机构管理-区域管理(String), s1(String), 2018-05-24 20:51:44.416(Timestamp), 0:0:0:0:0:0:0:1(String), Mozilla/5.0 (Windows NT 10.0; Win64; x64) AppleWebKit/537.36 (KHTML, like Gecko) Chrome/64.0.3282.186 Safari/537.36(String), /admin/sys/area/(String), GET(String), (String), (String)
2018-05-24 20:51:44,550 DEBUG (BaseJdbcLogger.java:159)- <==    Updates: 1
2018-05-24 20:51:45,848 DEBUG (CacheSessionDAO.java:134)- readSession 65b7f6a1810f4d4ab7a7b6af7f82b069 /admin/sys/office/
2018-05-24 20:51:45,849 DEBUG (CacheSessionDAO.java:83)- update 65b7f6a1810f4d4ab7a7b6af7f82b069 /admin/sys/office/
2018-05-24 20:51:45,999 DEBUG (BaseJdbcLogger.java:159)- ==>  Preparing: INSERT INTO sys_log( id, type, title, create_by, create_date, remote_addr, user_agent, request_uri, method, params, exception ) VALUES ( ?, ?, ?, ?, ?, ?, ?, ?, ?, ?, ? ) 
2018-05-24 20:51:46,000 DEBUG (BaseJdbcLogger.java:159)- ==> Parameters: ab418cb6-ab3e-42c4-8627-83318d86e747(String), 1(String), 系统设置-机构管理-机构管理(String), s1(String), 2018-05-24 20:51:45.998(Timestamp), 0:0:0:0:0:0:0:1(String), Mozilla/5.0 (Windows NT 10.0; Win64; x64) AppleWebKit/537.36 (KHTML, like Gecko) Chrome/64.0.3282.186 Safari/537.36(String), /admin/sys/office/(String), GET(String), (String), (String)
2018-05-24 20:51:46,035 DEBUG (BaseJdbcLogger.java:159)- <==    Updates: 1
2018-05-24 20:51:46,078 DEBUG (CacheSessionDAO.java:134)- readSession 65b7f6a1810f4d4ab7a7b6af7f82b069 /admin/sys/office/list1
2018-05-24 20:51:46,078 DEBUG (CacheSessionDAO.java:83)- update 65b7f6a1810f4d4ab7a7b6af7f82b069 /admin/sys/office/list1
2018-05-24 20:51:46,087 DEBUG (CacheSessionDAO.java:134)- readSession 65b7f6a1810f4d4ab7a7b6af7f82b069 /admin/sys/area/treeData
2018-05-24 20:51:46,089 DEBUG (CacheSessionDAO.java:134)- readSession 65b7f6a1810f4d4ab7a7b6af7f82b069 /static/bootstrap/2.3.1/font/fontawesome-webfont.woff
2018-05-24 20:51:46,091 DEBUG (CacheSessionDAO.java:83)- update 65b7f6a1810f4d4ab7a7b6af7f82b069 /static/bootstrap/2.3.1/font/fontawesome-webfont.woff
2018-05-24 20:51:46,091 DEBUG (CacheSessionDAO.java:83)- update 65b7f6a1810f4d4ab7a7b6af7f82b069 /admin/sys/area/treeData
2018-05-24 20:51:46,115 DEBUG (BaseJdbcLogger.java:159)- ==>  Preparing: SELECT a.id, a.parent_id AS "parent.id", a.parent_ids, a.area_id AS "area.id", a.code, a.name, a.sort, a.type, a.grade, a.address, a.zip_code, a.master, a.phone, a.fax, a.email, a.remarks, a.create_by AS "createBy.id", a.create_date, a.update_by AS "updateBy.id", a.update_date, a.del_flag, a.useable AS useable, a.primary_person AS "primaryPerson.id", a.deputy_person AS "deputyPerson.id", p.name AS "parent.name", ar.name AS "area.name", ar.parent_ids AS "area.parentIds", pp.name AS "primaryPerson.name", dp.name AS "deputyPerson.name" FROM sys_office a LEFT JOIN sys_office p ON p.id = a.parent_id LEFT JOIN sys_area ar ON ar.id = a.area_id LEFT JOIN SYS_USER pp ON pp.id = a.primary_person LEFT JOIN SYS_USER dp ON dp.id = a.deputy_person WHERE a.del_flag = ? ORDER BY a.code 
2018-05-24 20:51:46,116 DEBUG (BaseJdbcLogger.java:159)- ==> Parameters: 0(String)
2018-05-24 20:51:46,129 DEBUG (BaseJdbcLogger.java:159)- <==      Total: 4
2018-05-24 20:51:46,345 DEBUG (BaseJdbcLogger.java:159)- ==>  Preparing: INSERT INTO sys_log( id, type, title, create_by, create_date, remote_addr, user_agent, request_uri, method, params, exception ) VALUES ( ?, ?, ?, ?, ?, ?, ?, ?, ?, ?, ? ) 
2018-05-24 20:51:46,346 DEBUG (BaseJdbcLogger.java:159)- ==> Parameters: 55740a23-01a2-4352-a081-2e1f107181e1(String), 1(String), 系统设置-机构管理-机构管理-查看(String), s1(String), 2018-05-24 20:51:46.344(Timestamp), 0:0:0:0:0:0:0:1(String), Mozilla/5.0 (Windows NT 10.0; Win64; x64) AppleWebKit/537.36 (KHTML, like Gecko) Chrome/64.0.3282.186 Safari/537.36(String), /admin/sys/office/list1(String), GET(String), id=&area.id=(String), (String)
2018-05-24 20:51:46,386 DEBUG (BaseJdbcLogger.java:159)- <==    Updates: 1
2018-05-24 20:51:46,537 DEBUG (CacheSessionDAO.java:134)- readSession 65b7f6a1810f4d4ab7a7b6af7f82b069 /admin/sys/area/
2018-05-24 20:51:46,537 DEBUG (CacheSessionDAO.java:83)- update 65b7f6a1810f4d4ab7a7b6af7f82b069 /admin/sys/area/
2018-05-24 20:51:46,576 DEBUG (BaseJdbcLogger.java:159)- ==>  Preparing: INSERT INTO sys_log( id, type, title, create_by, create_date, remote_addr, user_agent, request_uri, method, params, exception ) VALUES ( ?, ?, ?, ?, ?, ?, ?, ?, ?, ?, ? ) 
2018-05-24 20:51:46,577 DEBUG (BaseJdbcLogger.java:159)- ==> Parameters: eca3f619-f0c8-4ae9-a5c4-50a269f1f87f(String), 1(String), 系统设置-机构管理-区域管理(String), s1(String), 2018-05-24 20:51:46.575(Timestamp), 0:0:0:0:0:0:0:1(String), Mozilla/5.0 (Windows NT 10.0; Win64; x64) AppleWebKit/537.36 (KHTML, like Gecko) Chrome/64.0.3282.186 Safari/537.36(String), /admin/sys/area/(String), GET(String), (String), (String)
2018-05-24 20:51:46,635 DEBUG (BaseJdbcLogger.java:159)- <==    Updates: 1
